<?xml version="1.0" encoding="UTF-8"?>
<!-- Generated by org.testng.reporters.JUnitXMLReporter -->
<testsuite ignored="0" hostname="DESKTOP-VA1OBMB" failures="0" tests="6" name="Test" time="0.058" errors="0" timestamp="2020-04-12T17:16:13 IST">
  <testcase classname="AC_test.AppiumTest" name="IOSApps" time="0.006"/>
  <testcase classname="AC_test.AppiumTest" name="NativeAPpAndroid" time="0.001"/>
  <testcase classname="AC_test.RESTAPITest" name="deleteTwitter" time="0.0"/>
  <testcase classname="AC_test.RESTAPITest" name="postJira" time="0.0"/>
  <testcase classname="AC_test.SeleniumTest" name="BrowserAUtomation" time="0.0"/>
  <testcase classname="AC_test.SeleniumTest" name="elementsUi" time="0.001"/>
</testsuite> <!-- Test -->
