<?xml version="1.0" encoding="UTF-8"?>
<testng-results ignored="0" total="6" passed="6" failed="0" skipped="0">
  <reporter-output>
  </reporter-output>
  <suite started-at="2020-04-12T17:16:13 IST" name="Suite" finished-at="2020-04-12T17:16:13 IST" duration-ms="58">
    <groups>
    </groups>
    <test started-at="2020-04-12T17:16:13 IST" name="Test" finished-at="2020-04-12T17:16:13 IST" duration-ms="58">
      <class name="AC_test.SeleniumTest">
        <test-method signature="BrowserAUtomation()[pri:0, instance:AC_test.SeleniumTest@2aece37d]" started-at="2020-04-12T17:16:13 IST" name="BrowserAUtomation" finished-at="2020-04-12T17:16:13 IST" duration-ms="0" status="PASS">
          <reporter-output>
          </reporter-output>
        </test-method> <!-- BrowserAUtomation -->
        <test-method signature="elementsUi()[pri:0, instance:AC_test.SeleniumTest@2aece37d]" started-at="2020-04-12T17:16:13 IST" name="elementsUi" finished-at="2020-04-12T17:16:13 IST" duration-ms="1" status="PASS">
          <reporter-output>
          </reporter-output>
        </test-method> <!-- elementsUi -->
      </class> <!-- AC_test.SeleniumTest -->
      <class name="AC_test.AppiumTest">
        <test-method signature="IOSApps()[pri:0, instance:AC_test.AppiumTest@14a2f921]" started-at="2020-04-12T17:16:13 IST" name="IOSApps" finished-at="2020-04-12T17:16:13 IST" duration-ms="6" status="PASS">
          <reporter-output>
          </reporter-output>
        </test-method> <!-- IOSApps -->
        <test-method signature="NativeAPpAndroid()[pri:0, instance:AC_test.AppiumTest@14a2f921]" started-at="2020-04-12T17:16:13 IST" name="NativeAPpAndroid" finished-at="2020-04-12T17:16:13 IST" duration-ms="1" status="PASS">
          <reporter-output>
          </reporter-output>
        </test-method> <!-- NativeAPpAndroid -->
      </class> <!-- AC_test.AppiumTest -->
      <class name="AC_test.RESTAPITest">
        <test-method signature="deleteTwitter()[pri:0, instance:AC_test.RESTAPITest@3c87521]" started-at="2020-04-12T17:16:13 IST" name="deleteTwitter" finished-at="2020-04-12T17:16:13 IST" duration-ms="0" status="PASS">
          <reporter-output>
          </reporter-output>
        </test-method> <!-- deleteTwitter -->
        <test-method signature="postJira()[pri:0, instance:AC_test.RESTAPITest@3c87521]" started-at="2020-04-12T17:16:13 IST" name="postJira" finished-at="2020-04-12T17:16:13 IST" duration-ms="0" status="PASS">
          <reporter-output>
          </reporter-output>
        </test-method> <!-- postJira -->
      </class> <!-- AC_test.RESTAPITest -->
    </test> <!-- Test -->
  </suite> <!-- Suite -->
</testng-results>
